<?xml version="1.0" encoding="UTF-8"?>
<testng-results skipped="0" failed="0" ignored="0" total="1" passed="1">
  <reporter-output>
  </reporter-output>
  <suite name="Default suite" duration-ms="53006" started-at="2019-03-21T07:01:27Z" finished-at="2019-03-21T07:02:20Z">
    <groups>
    </groups>
    <test name="Default test" duration-ms="53006" started-at="2019-03-21T07:01:27Z" finished-at="2019-03-21T07:02:20Z">
      <class name="framesAssignment.ToolsqaFrames">
        <test-method status="PASS" signature="beforeClass()[pri:0, instance:framesAssignment.ToolsqaFrames@3a82f6ef]" name="beforeClass" is-config="true" duration-ms="15521" started-at="2019-03-21T12:31:27Z" finished-at="2019-03-21T12:31:42Z">
          <reporter-output>
          </reporter-output>
        </test-method> <!-- beforeClass -->
        <test-method status="PASS" signature="testFrame()[pri:0, instance:framesAssignment.ToolsqaFrames@3a82f6ef]" name="testFrame" duration-ms="26148" started-at="2019-03-21T12:31:42Z" finished-at="2019-03-21T12:32:08Z">
          <reporter-output>
          </reporter-output>
        </test-method> <!-- testFrame -->
        <test-method status="PASS" signature="afterClass()[pri:0, instance:framesAssignment.ToolsqaFrames@3a82f6ef]" name="afterClass" is-config="true" duration-ms="11276" started-at="2019-03-21T12:32:08Z" finished-at="2019-03-21T12:32:20Z">
          <reporter-output>
          </reporter-output>
        </test-method> <!-- afterClass -->
      </class> <!-- framesAssignment.ToolsqaFrames -->
    </test> <!-- Default test -->
  </suite> <!-- Default suite -->
</testng-results>
